Somthing goes wrong!
ERROR 2017-12-27 20:49:42,856 views Somthing goes wrong!
ERROR 2017-12-27 20:49:43,340 views Somthing goes wrong!
ERROR 2017-12-27 20:49:43,652 views Somthing goes wrong!
ERROR 2017-12-27 20:49:43,931 views Somthing goes wrong!
ERROR 2017-12-27 20:50:03,854 views Somthing goes wrong!
INFO 2017-12-27 20:50:14,472 views Somthing goes wrong!
INFO 2017-12-27 20:50:14,980 views Somthing goes wrong!
INFO 2017-12-27 20:50:15,211 views Somthing goes wrong!
WARNING 2017-12-27 20:51:05,574 views Somthing goes wrong!
WARNING 2017-12-27 20:51:05,756 views Somthing goes wrong!
WARNING 2017-12-27 20:51:05,980 views Somthing goes wrong!
WARNING 2017-12-27 20:51:06,180 views Somthing goes wrong!
WARNING 2017-12-27 20:51:06,349 views Somthing goes wrong!
WARNING 2017-12-27 20:51:08,892 views Somthing goes wrong!
WARNING 2017-12-27 20:51:09,140 views Somthing goes wrong!
WARNING 2017-12-27 20:51:09,341 views Somthing goes wrong!
INFO 2017-12-28 21:18:59,550 demo params 12 error
INFO 2017-12-28 21:19:01,474 demo params 12 error
INFO 2017-12-28 21:19:01,940 demo params 12 error
INFO 2017-12-28 21:20:41,894 demo parameter '12' error
ERROR 2017-12-30 16:52:24,071 handle Session matching query does not exist.wckey:123
ERROR 2017-12-30 17:02:16,533 handle Session matching query does not exist.wckey:123
